# JRE version: Java(TM) SE Runtime Environment (8.0_321-b07) (build 1.8.0_321-b07)
# Java VM: Java HotSpot(TM) 64-Bit Server VM (25.321-b07 mixed mode windows-amd64 compressed oops)
Heap:
 PSYoungGen      total 2006528K, used 701188K [0x0000000716000000, 0x00000007a8e00000, 0x00000007c0000000)
  eden space 1644544K, 42% used [0x0000000716000000,0x0000000740cc1090,0x000000077a600000)
  from space 361984K, 0% used [0x0000000792080000,0x0000000792080000,0x00000007a8200000)
  to   space 380928K, 0% used [0x000000077a600000,0x000000077a600000,0x0000000791a00000)
 ParOldGen       total 966144K, used 425514K [0x00000005c2000000, 0x00000005fcf80000, 0x0000000716000000)
  object space 966144K, 44% used [0x00000005c2000000,0x00000005dbf8aaa0,0x00000005fcf80000)
 Metaspace       used 69322K, capacity 70234K, committed 70400K, reserved 1110016K
  class space    used 9967K, capacity 10170K, committed 10240K, reserved 1048576K
GC Heap History (10 events):
Event: 11.151 GC heap before
{Heap before GC invocations=22 (full 5):
 PSYoungGen      total 1392640K, used 271136K [0x0000000716000000, 0x0000000794a80000, 0x00000007c0000000)
  eden space 1106944K, 0% used [0x0000000716000000,0x0000000716000000,0x0000000759900000)
  from space 285696K, 94% used [0x0000000759900000,0x000000076a1c8000,0x000000076b000000)
  to   space 327680K, 0% used [0x0000000780a80000,0x0000000780a80000,0x0000000794a80000)
 ParOldGen       total 750592K, used 629212K [0x00000005c2000000, 0x00000005efd00000, 0x0000000716000000)
  object space 750592K, 83% used [0x00000005c2000000,0x00000005e86770e0,0x00000005efd00000)
 Metaspace       used 64044K, capacity 64670K, committed 64896K, reserved 1103872K
  class space    used 9356K, capacity 9504K, committed 9600K, reserved 1048576K
Event: 11.509 GC heap after
Heap after GC invocations=22 (full 5):
 PSYoungGen      total 1392640K, used 0K [0x0000000716000000, 0x0000000794a80000, 0x00000007c0000000)
  eden space 1106944K, 0% used [0x0000000716000000,0x0000000716000000,0x0000000759900000)
  from space 285696K, 0% used [0x0000000759900000,0x0000000759900000,0x000000076b000000)
  to   space 327680K, 0% used [0x0000000780a80000,0x0000000780a80000,0x0000000794a80000)
 ParOldGen       total 924672K, used 484195K [0x00000005c2000000, 0x00000005fa700000, 0x0000000716000000)
  object space 924672K, 52% used [0x00000005c2000000,0x00000005df8d8c08,0x00000005fa700000)
 Metaspace       used 64044K, capacity 64670K, committed 64896K, reserved 1103872K
  class space    used 9356K, capacity 9504K, committed 9600K, reserved 1048576K
}
Event: 12.151 GC heap before
{Heap before GC invocations=23 (full 5):
 PSYoungGen      total 1392640K, used 1106944K [0x0000000716000000, 0x0000000794a80000, 0x00000007c0000000)
  eden space 1106944K, 100% used [0x0000000716000000,0x0000000759900000,0x0000000759900000)
  from space 285696K, 0% used [0x0000000759900000,0x0000000759900000,0x000000076b000000)
  to   space 327680K, 0% used [0x0000000780a80000,0x0000000780a80000,0x0000000794a80000)
 ParOldGen       total 924672K, used 484195K [0x00000005c2000000, 0x00000005fa700000, 0x0000000716000000)
  object space 924672K, 52% used [0x00000005c2000000,0x00000005df8d8c08,0x00000005fa700000)
 Metaspace       used 64050K, capacity 64670K, committed 64896K, reserved 1103872K
  class space    used 9356K, capacity 9504K, committed 9600K, reserved 1048576K
Event: 12.213 GC heap after
Heap after GC invocations=23 (full 5):
 PSYoungGen      total 1674752K, used 218720K [0x0000000716000000, 0x0000000793480000, 0x00000007c0000000)
  eden space 1369600K, 0% used [0x0000000716000000,0x0000000716000000,0x0000000769980000)
  from space 305152K, 71% used [0x0000000780a80000,0x000000078e018010,0x0000000793480000)
  to   space 341504K, 0% used [0x0000000769980000,0x0000000769980000,0x000000077e700000)
 ParOldGen       total 924672K, used 484195K [0x00000005c2000000, 0x00000005fa700000, 0x0000000716000000)
  object space 924672K, 52% used [0x00000005c2000000,0x00000005df8d8c08,0x00000005fa700000)
 Metaspace       used 64050K, capacity 64670K, committed 64896K, reserved 1103872K
  class space    used 9356K, capacity 9504K, committed 9600K, reserved 1048576K
}
Event: 14.183 GC heap before
{Heap before GC invocations=24 (full 5):
 PSYoungGen      total 1674752K, used 1588320K [0x0000000716000000, 0x0000000793480000, 0x00000007c0000000)
  eden space 1369600K, 100% used [0x0000000716000000,0x0000000769980000,0x0000000769980000)
  from space 305152K, 71% used [0x0000000780a80000,0x000000078e018010,0x0000000793480000)
  to   space 341504K, 0% used [0x0000000769980000,0x0000000769980000,0x000000077e700000)
 ParOldGen       total 924672K, used 484195K [0x00000005c2000000, 0x00000005fa700000, 0x0000000716000000)
  object space 924672K, 52% used [0x00000005c2000000,0x00000005df8d8c08,0x00000005fa700000)
 Metaspace       used 64179K, capacity 64734K, committed 64896K, reserved 1103872K
  class space    used 9358K, capacity 9504K, committed 9600K, reserved 1048576K
Event: 14.261 GC heap after
Heap after GC invocations=24 (full 5):
 PSYoungGen      total 1711104K, used 246461K [0x0000000716000000, 0x00000007a8200000, 0x00000007c0000000)
  eden space 1369600K, 0% used [0x0000000716000000,0x0000000716000000,0x0000000769980000)
  from space 341504K, 72% used [0x0000000769980000,0x0000000778a2f7a0,0x000000077e700000)
  to   space 361984K, 0% used [0x0000000792080000,0x0000000792080000,0x00000007a8200000)
 ParOldGen       total 924672K, used 703322K [0x00000005c2000000, 0x00000005fa700000, 0x0000000716000000)
  object space 924672K, 76% used [0x00000005c2000000,0x00000005eced6ae0,0x00000005fa700000)
 Metaspace       used 64179K, capacity 64734K, committed 64896K, reserved 1103872K
  class space    used 9358K, capacity 9504K, committed 9600K, reserved 1048576K
}
Event: 17.378 GC heap before
{Heap before GC invocations=25 (full 5):
 PSYoungGen      total 1711104K, used 1616061K [0x0000000716000000, 0x00000007a8200000, 0x00000007c0000000)
  eden space 1369600K, 100% used [0x0000000716000000,0x0000000769980000,0x0000000769980000)
  from space 341504K, 72% used [0x0000000769980000,0x0000000778a2f7a0,0x000000077e700000)
  to   space 361984K, 0% used [0x0000000792080000,0x0000000792080000,0x00000007a8200000)
 ParOldGen       total 924672K, used 703322K [0x00000005c2000000, 0x00000005fa700000, 0x0000000716000000)
  object space 924672K, 76% used [0x00000005c2000000,0x00000005eced6ae0,0x00000005fa700000)
 Metaspace       used 64362K, capacity 64976K, committed 65152K, reserved 1105920K
  class space    used 9378K, capacity 9539K, committed 9600K, reserved 1048576K
Event: 17.476 GC heap after
Heap after GC invocations=25 (full 5):
 PSYoungGen      total 2006528K, used 255777K [0x0000000716000000, 0x00000007a8e00000, 0x00000007c0000000)
  eden space 1644544K, 0% used [0x0000000716000000,0x0000000716000000,0x000000077a600000)
  from space 361984K, 70% used [0x0000000792080000,0x00000007a1a48570,0x00000007a8200000)
  to   space 380928K, 0% used [0x000000077a600000,0x000000077a600000,0x0000000791a00000)
 ParOldGen       total 924672K, used 768890K [0x00000005c2000000, 0x00000005fa700000, 0x0000000716000000)
  object space 924672K, 83% used [0x00000005c2000000,0x00000005f0edebc8,0x00000005fa700000)
 Metaspace       used 64362K, capacity 64976K, committed 65152K, reserved 1105920K
  class space    used 9378K, capacity 9539K, committed 9600K, reserved 1048576K
}
Event: 17.476 GC heap before
{Heap before GC invocations=26 (full 6):
 PSYoungGen      total 2006528K, used 255777K [0x0000000716000000, 0x00000007a8e00000, 0x00000007c0000000)
  eden space 1644544K, 0% used [0x0000000716000000,0x0000000716000000,0x000000077a600000)
  from space 361984K, 70% used [0x0000000792080000,0x00000007a1a48570,0x00000007a8200000)
  to   space 380928K, 0% used [0x000000077a600000,0x000000077a600000,0x0000000791a00000)
 ParOldGen       total 924672K, used 768890K [0x00000005c2000000, 0x00000005fa700000, 0x0000000716000000)
  object space 924672K, 83% used [0x00000005c2000000,0x00000005f0edebc8,0x00000005fa700000)
 Metaspace       used 64362K, capacity 64976K, committed 65152K, reserved 1105920K
  class space    used 9378K, capacity 9539K, committed 9600K, reserved 1048576K
Event: 17.842 GC heap after
Heap after GC invocations=26 (full 6):
 PSYoungGen      total 2006528K, used 0K [0x0000000716000000, 0x00000007a8e00000, 0x00000007c0000000)
  eden space 1644544K, 0% used [0x0000000716000000,0x0000000716000000,0x000000077a600000)
  from space 361984K, 0% used [0x0000000792080000,0x0000000792080000,0x00000007a8200000)
  to   space 380928K, 0% used [0x000000077a600000,0x000000077a600000,0x0000000791a00000)
 ParOldGen       total 966144K, used 425514K [0x00000005c2000000, 0x00000005fcf80000, 0x0000000716000000)
  object space 966144K, 44% used [0x00000005c2000000,0x00000005dbf8aaa0,0x00000005fcf80000)
 Metaspace       used 64362K, capacity 64976K, committed 65152K, reserved 1105920K
  class space    used 9378K, capacity 9539K, committed 9600K, reserved 1048576K
}

